빌드 시작: 2021-12-20 오후 2:25:05
     1>2 노드의 "D:\해력작업폴더\XBand\RADAR_RD\ICAA\ICAA.vcxproj" 프로젝트(rebuild 대상)입니다.
     1>InitializeBuildStatus:
         "AlwaysCreate"이(가) 지정되었기 때문에 "Release\ICAA.unsuccessfulbuild"을(를) 만들고 있습니다.
       ClCompile:
         C:\Program Files (x86)\Microsoft Visual Studio 10.0\VC\bin\CL.exe /c /Zi /nologo /W3 /WX- /O2 /Oi /Oy- /GL /D WIN32 /D _WINDOWS /D NDEBUG /D _MBCS /D _AFXDLL /Gm- /EHsc /MD /GS /Gy /fp:precise /Zc:wchar_t /Zc:forScope /Yc"StdAfx.h" /Fp"Release\ICAA.pch" /Fo"Release\\" /Fd"Release\vc100.pdb" /Gd /TP /analyze- /errorReport:prompt stdafx.cpp
         stdafx.cpp
         C:\Program Files (x86)\Microsoft Visual Studio 10.0\VC\bin\CL.exe /c /Zi /nologo /W3 /WX- /O2 /Oi /Oy- /GL /D WIN32 /D _WINDOWS /D NDEBUG /D _MBCS /D _AFXDLL /Gm- /EHsc /MD /GS /Gy /fp:precise /Zc:wchar_t /Zc:forScope /Yu"StdAfx.h" /Fp"Release\ICAA.pch" /Fo"Release\\" /Fd"Release\vc100.pdb" /Gd /TP /analyze- /errorReport:prompt ADSBReceivedProcessMngr.cpp COMMIF\CGRCommIF.cpp COMMIF\CGRCommMngr.cpp COMMIF\CGRCommObj.cpp COMMIF\CommonMngr.cpp COMMIF\ComplibFacade.cpp ICAA.cpp ICAADlg.cpp ICAAMngr.cpp MsgQueueThread.cpp PING\ping.cpp PING\pingICMP.cpp PING\pingICMP2.cpp PING\PingThread.cpp RadarAnalysisMngr.cpp ThreadLIB\LIGCondition.cpp ThreadLIB\LIGLock.cpp ThreadLIB\LIGThread.cpp ThreadTask\DFEquipBITMngr.cpp ThreadTask\DFTaskMngr.cpp
         ADSBReceivedProcessMngr.cpp
     1>ADSBReceivedProcessMngr.cpp(720): warning C4244: '=' : 'double'에서 'float'(으)로 변환하면서 데이터가 손실될 수 있습니다.
     1>ADSBReceivedProcessMngr.cpp(725): warning C4244: '=' : 'double'에서 'float'(으)로 변환하면서 데이터가 손실될 수 있습니다.
     1>ADSBReceivedProcessMngr.cpp(857): warning C4244: '=' : 'double'에서 'float'(으)로 변환하면서 데이터가 손실될 수 있습니다.
     1>ADSBReceivedProcessMngr.cpp(879): warning C4244: '초기화 중' : 'double'에서 'float'(으)로 변환하면서 데이터가 손실될 수 있습니다.
     1>ADSBReceivedProcessMngr.cpp(890): warning C4244: '=' : 'int'에서 'float'(으)로 변환하면서 데이터가 손실될 수 있습니다.
     1>ADSBReceivedProcessMngr.cpp(921): warning C4244: '초기화 중' : 'double'에서 'unsigned int'(으)로 변환하면서 데이터가 손실될 수 있습니다.
     1>ADSBReceivedProcessMngr.cpp(981): warning C4244: '=' : 'double'에서 'float'(으)로 변환하면서 데이터가 손실될 수 있습니다.
     1>ADSBReceivedProcessMngr.cpp(984): warning C4244: '=' : 'double'에서 'int'(으)로 변환하면서 데이터가 손실될 수 있습니다.
     1>ADSBReceivedProcessMngr.cpp(1003): warning C4244: '=' : 'double'에서 'float'(으)로 변환하면서 데이터가 손실될 수 있습니다.
     1>ADSBReceivedProcessMngr.cpp(1006): warning C4244: '=' : 'double'에서 'int'(으)로 변환하면서 데이터가 손실될 수 있습니다.
     1>ADSBReceivedProcessMngr.cpp(1039): warning C4996: 'strcpy': This function or variable may be unsafe. Consider using strcpy_s instead. To disable deprecation, use _CRT_SECURE_NO_WARNINGS. See online help for details.
                 C:\Program Files (x86)\Microsoft Visual Studio 10.0\VC\include\string.h(105) : 'strcpy' 선언을 참조하십시오.
         CGRCommIF.cpp
     1>COMMIF\CGRCommIF.cpp(37): warning C4800: 'BOOL' : 'true' 또는 'false'로 bool 값을 강제하고 있습니다(성능 경고).
     1>COMMIF\CGRCommIF.cpp(359): warning C4305: 'return' : 'int'에서 'bool'(으)로 잘립니다.
     1>COMMIF\CGRCommIF.cpp(379): warning C4305: 'return' : 'int'에서 'bool'(으)로 잘립니다.
     1>COMMIF\CGRCommIF.cpp(347): warning C4101: 'iRet' :참조되지 않은 지역 변수입니다.
     1>COMMIF\CGRCommIF.cpp(396): warning C4800: 'int' : 'true' 또는 'false'로 bool 값을 강제하고 있습니다(성능 경고).
         CGRCommMngr.cpp
         CGRCommObj.cpp
     1>COMMIF\CGRCommObj.cpp(3101): warning C4018: '<' : signed 또는 unsigned가 일치하지 않습니다.
         CommonMngr.cpp
         ComplibFacade.cpp
     1>COMMIF\ComplibFacade.cpp(6): warning C4244: '인수' : 'double'에서 'uLong'(으)로 변환하면서 데이터가 손실될 수 있습니다.
         ICAA.cpp
         ICAADlg.cpp
         ICAAMngr.cpp
         MsgQueueThread.cpp
         ping.cpp
         pingICMP.cpp
         pingICMP2.cpp
         PingThread.cpp
         RadarAnalysisMngr.cpp
     1>RadarAnalysisMngr.cpp(1631): warning C4800: 'BOOL' : 'true' 또는 'false'로 bool 값을 강제하고 있습니다(성능 경고).
     1>RadarAnalysisMngr.cpp(1668): warning C4018: '>=' : signed 또는 unsigned가 일치하지 않습니다.
         LIGCondition.cpp
         LIGLock.cpp
         LIGThread.cpp
         DFEquipBITMngr.cpp
         DFTaskMngr.cpp
     1>ThreadTask\DFTaskMngr.cpp(693): warning C4800: 'unsigned int' : 'true' 또는 'false'로 bool 값을 강제하고 있습니다(성능 경고).
     1>ThreadTask\DFTaskMngr.cpp(715): warning C4996: 'strcpy': This function or variable may be unsafe. Consider using strcpy_s instead. To disable deprecation, use _CRT_SECURE_NO_WARNINGS. See online help for details.
                 C:\Program Files (x86)\Microsoft Visual Studio 10.0\VC\include\string.h(105) : 'strcpy' 선언을 참조하십시오.
     1>ThreadTask\DFTaskMngr.cpp(843): warning C4244: '=' : 'float'에서 'int'(으)로 변환하면서 데이터가 손실될 수 있습니다.
     1>ThreadTask\DFTaskMngr.cpp(847): warning C4244: '=' : 'double'에서 'float'(으)로 변환하면서 데이터가 손실될 수 있습니다.
     1>ThreadTask\DFTaskMngr.cpp(848): warning C4244: '=' : 'double'에서 'float'(으)로 변환하면서 데이터가 손실될 수 있습니다.
     1>ThreadTask\DFTaskMngr.cpp(849): warning C4244: '=' : 'double'에서 'float'(으)로 변환하면서 데이터가 손실될 수 있습니다.
     1>ThreadTask\DFTaskMngr.cpp(850): warning C4244: '=' : 'double'에서 'float'(으)로 변환하면서 데이터가 손실될 수 있습니다.
     1>ThreadTask\DFTaskMngr.cpp(851): warning C4244: '=' : 'double'에서 'float'(으)로 변환하면서 데이터가 손실될 수 있습니다.
     1>ThreadTask\DFTaskMngr.cpp(1080): warning C4800: 'BOOL' : 'true' 또는 'false'로 bool 값을 강제하고 있습니다(성능 경고).
     1>ThreadTask\DFTaskMngr.cpp(1111): warning C4800: 'BOOL' : 'true' 또는 'false'로 bool 값을 강제하고 있습니다(성능 경고).
     1>ThreadTask\DFTaskMngr.cpp(1142): warning C4800: 'BOOL' : 'true' 또는 'false'로 bool 값을 강제하고 있습니다(성능 경고).
     1>ThreadTask\DFTaskMngr.cpp(1205): warning C4996: 'strcpy': This function or variable may be unsafe. Consider using strcpy_s instead. To disable deprecation, use _CRT_SECURE_NO_WARNINGS. See online help for details.
                 C:\Program Files (x86)\Microsoft Visual Studio 10.0\VC\include\string.h(105) : 'strcpy' 선언을 참조하십시오.
     1>ThreadTask\DFTaskMngr.cpp(1745): warning C4244: '=' : 'double'에서 'float'(으)로 변환하면서 데이터가 손실될 수 있습니다.
     1>ThreadTask\DFTaskMngr.cpp(1746): warning C4244: '=' : 'float'에서 'int'(으)로 변환하면서 데이터가 손실될 수 있습니다.
     1>ThreadTask\DFTaskMngr.cpp(1749): warning C4244: '=' : 'double'에서 'float'(으)로 변환하면서 데이터가 손실될 수 있습니다.
     1>ThreadTask\DFTaskMngr.cpp(1753): warning C4244: '=' : 'double'에서 'float'(으)로 변환하면서 데이터가 손실될 수 있습니다.
     1>ThreadTask\DFTaskMngr.cpp(1757): warning C4244: '=' : 'double'에서 'float'(으)로 변환하면서 데이터가 손실될 수 있습니다.
     1>ThreadTask\DFTaskMngr.cpp(1761): warning C4244: '=' : 'double'에서 'float'(으)로 변환하면서 데이터가 손실될 수 있습니다.
     1>ThreadTask\DFTaskMngr.cpp(1765): warning C4244: '=' : 'double'에서 'float'(으)로 변환하면서 데이터가 손실될 수 있습니다.
     1>ThreadTask\DFTaskMngr.cpp(1808): warning C4018: '>=' : signed 또는 unsigned가 일치하지 않습니다.
     1>ThreadTask\DFTaskMngr.cpp(1885): warning C4996: 'strcpy': This function or variable may be unsafe. Consider using strcpy_s instead. To disable deprecation, use _CRT_SECURE_NO_WARNINGS. See online help for details.
                 C:\Program Files (x86)\Microsoft Visual Studio 10.0\VC\include\string.h(105) : 'strcpy' 선언을 참조하십시오.
     1>ThreadTask\DFTaskMngr.cpp(2018): warning C4996: 'strcpy': This function or variable may be unsafe. Consider using strcpy_s instead. To disable deprecation, use _CRT_SECURE_NO_WARNINGS. See online help for details.
                 C:\Program Files (x86)\Microsoft Visual Studio 10.0\VC\include\string.h(105) : 'strcpy' 선언을 참조하십시오.
       ResourceCompile:
         C:\Program Files (x86)\Microsoft SDKs\Windows\v7.0A\bin\rc.exe /D NDEBUG /D _AFXDLL /l"0x0412" /IRelease\ /nologo /fo"Release\ICAA.res" ICAA.rc 
       Link:
         C:\Program Files (x86)\Microsoft Visual Studio 10.0\VC\bin\link.exe /ERRORREPORT:PROMPT /OUT:"D:\해력작업폴더\XBand\RADAR_RD\Release\ICAA.exe" /INCREMENTAL:NO /NOLOGO zlib.lib Iphlpapi.lib RcvFuncTcp.lib RADARDIR.lib RADARANL.lib /MANIFEST /ManifestFile:"Release\ICAA.exe.intermediate.manifest" /MANIFESTUAC:"level='asInvoker' uiAccess='false'" /DEBUG /PDB:"D:\해력작업폴더\XBand\RADAR_RD\Release\ICAA.pdb" /SUBSYSTEM:WINDOWS /HEAP:"1024000","1024000" /STACK:"10485760" /OPT:REF /OPT:ICF /LTCG /TLBID:1 /DYNAMICBASE /NXCOMPAT /IMPLIB:"D:\해력작업폴더\XBand\RADAR_RD\Release\ICAA.lib" /MACHINE:X86 Release\ICAA.res
         Release\ADSBReceivedProcessMngr.obj
         Release\CGRCommIF.obj
         Release\CGRCommMngr.obj
         Release\CGRCommObj.obj
         Release\CommonMngr.obj
         Release\ComplibFacade.obj
         Release\ICAA.obj
         Release\ICAADlg.obj
         Release\ICAAMngr.obj
         Release\MsgQueueThread.obj
         Release\ping.obj
         Release\pingICMP.obj
         Release\pingICMP2.obj
         Release\PingThread.obj
         Release\RadarAnalysisMngr.obj
         Release\stdafx.obj
         Release\LIGCondition.obj
         Release\LIGLock.obj
         Release\LIGThread.obj
         Release\DFEquipBITMngr.obj
         Release\DFTaskMngr.obj
     1>zlib.lib(compress.obj) : warning LNK4075: '/EDITANDCONTINUE'이(가) '/OPT:ICF' 사양으로 인해 무시됩니다.
     1>LINK : warning LNK4098: 'MSVCRTD' defaultlib가 다른 라이브러리와 충돌합니다. /NODEFAULTLIB:library를 사용하십시오.
         코드를 생성하고 있습니다.
     1>d:\해력작업폴더\xband\radar_rd\icaa\threadtask\dftaskmngr.cpp(1789): warning C4700: 초기화되지 않은 'iAOA' 지역 변수를 사용했습니다.
         코드를 생성했습니다.
     1>zlib.lib(adler32.obj) : warning LNK4099: 'vc100.pdb' PDB를 'zlib.lib(adler32.obj)' 또는 'D:\해력작업폴더\XBand\RADAR_RD\Release\vc100.pdb'에서 찾을 수 없습니다. 디버그 정보가 없는 것처럼 개체를 링크합니다.
     1>zlib.lib(compress.obj) : warning LNK4099: 'vc100.pdb' PDB를 'zlib.lib(compress.obj)' 또는 'D:\해력작업폴더\XBand\RADAR_RD\Release\vc100.pdb'에서 찾을 수 없습니다. 디버그 정보가 없는 것처럼 개체를 링크합니다.
     1>zlib.lib(crc32.obj) : warning LNK4099: 'vc100.pdb' PDB를 'zlib.lib(crc32.obj)' 또는 'D:\해력작업폴더\XBand\RADAR_RD\Release\vc100.pdb'에서 찾을 수 없습니다. 디버그 정보가 없는 것처럼 개체를 링크합니다.
     1>zlib.lib(deflate.obj) : warning LNK4099: 'vc100.pdb' PDB를 'zlib.lib(deflate.obj)' 또는 'D:\해력작업폴더\XBand\RADAR_RD\Release\vc100.pdb'에서 찾을 수 없습니다. 디버그 정보가 없는 것처럼 개체를 링크합니다.
     1>zlib.lib(inffast.obj) : warning LNK4099: 'vc100.pdb' PDB를 'zlib.lib(inffast.obj)' 또는 'D:\해력작업폴더\XBand\RADAR_RD\Release\vc100.pdb'에서 찾을 수 없습니다. 디버그 정보가 없는 것처럼 개체를 링크합니다.
     1>zlib.lib(inflate.obj) : warning LNK4099: 'vc100.pdb' PDB를 'zlib.lib(inflate.obj)' 또는 'D:\해력작업폴더\XBand\RADAR_RD\Release\vc100.pdb'에서 찾을 수 없습니다. 디버그 정보가 없는 것처럼 개체를 링크합니다.
     1>zlib.lib(inftrees.obj) : warning LNK4099: 'vc100.pdb' PDB를 'zlib.lib(inftrees.obj)' 또는 'D:\해력작업폴더\XBand\RADAR_RD\Release\vc100.pdb'에서 찾을 수 없습니다. 디버그 정보가 없는 것처럼 개체를 링크합니다.
     1>zlib.lib(trees.obj) : warning LNK4099: 'vc100.pdb' PDB를 'zlib.lib(trees.obj)' 또는 'D:\해력작업폴더\XBand\RADAR_RD\Release\vc100.pdb'에서 찾을 수 없습니다. 디버그 정보가 없는 것처럼 개체를 링크합니다.
     1>zlib.lib(uncompr.obj) : warning LNK4099: 'vc100.pdb' PDB를 'zlib.lib(uncompr.obj)' 또는 'D:\해력작업폴더\XBand\RADAR_RD\Release\vc100.pdb'에서 찾을 수 없습니다. 디버그 정보가 없는 것처럼 개체를 링크합니다.
     1>zlib.lib(zutil.obj) : warning LNK4099: 'vc100.pdb' PDB를 'zlib.lib(zutil.obj)' 또는 'D:\해력작업폴더\XBand\RADAR_RD\Release\vc100.pdb'에서 찾을 수 없습니다. 디버그 정보가 없는 것처럼 개체를 링크합니다.
         ICAA.vcxproj -> D:\해력작업폴더\XBand\RADAR_RD\Release\ICAA.exe
       Manifest:
         C:\Program Files (x86)\Microsoft SDKs\Windows\v7.0A\bin\mt.exe /nologo /verbose /outputresource:"D:\해력작업폴더\XBand\RADAR_RD\Release\ICAA.exe;#1" /manifest Release\ICAA.exe.intermediate.manifest "C:\Program Files (x86)\Microsoft Visual Studio 10.0\VC\Include\Manifest\dpiaware.manifest"
       FinalizeBuildStatus:
         "Release\ICAA.unsuccessfulbuild" 파일을 삭제하고 있습니다.
         "Release\ICAA.lastbuildstate"에 연결(touching)하고 있습니다.
     1>"D:\해력작업폴더\XBand\RADAR_RD\ICAA\ICAA.vcxproj" 프로젝트를 빌드했습니다(rebuild 대상).

빌드했습니다.

경과 시간: 00:00:08.52
